<?xml version="1.0" encoding="UTF-8"?>
<testsuite name="Utest" tests="1" skipped="0" failures="0" errors="0" timestamp="2022-04-13T19:23:13" hostname="LAPTOP-CO6ENUSN" time="47.759">
  <properties/>
  <testcase name="Create a user account" classname="Utest" time="47.759"/>
  <system-out><![CDATA[]]></system-out>
  <system-err><![CDATA[[Test worker] WARN net.thucydides.core.steps.BaseStepListener - stepStarted: net.thucydides.core.steps.ExecutedStepDescription@31c09360
[Test worker] WARN net.thucydides.core.steps.BaseStepListener - stepStarted: net.thucydides.core.steps.ExecutedStepDescription@5cfe0ca
[Test worker] WARN net.thucydides.core.steps.BaseStepListener - stepStarted: net.thucydides.core.steps.ExecutedStepDescription@2adfe5a9
abr 13, 2022 2:23:14 PM org.openqa.selenium.remote.DesiredCapabilities chrome
INFORMACIÓN: Using `new ChromeOptions()` is preferred to `DesiredCapabilities.chrome()`
[Test worker] INFO net.serenitybdd.core.webdriver.driverproviders.ProvideNewDriver - Instantiating driver
[Test worker] INFO net.serenitybdd.core.webdriver.driverproviders.ProvideNewDriver - Driver capabilities: Capabilities {acceptInsecureCerts: false, browserName: chrome, chrome.switches: --start-maximized, goog:chromeOptions: {args: [--start-maximized], extensions: []}, loggingPrefs: org.openqa.selenium.logging..., platform: ANY, version: }
Starting ChromeDriver 100.0.4896.60 (6a5d10861ce8de5fce22564658033b43cb7de047-refs/branch-heads/4896@{#875}) on port 44470
Only local connections are allowed.
Please see https://chromedriver.chromium.org/security-considerations for suggestions on keeping ChromeDriver safe.
ChromeDriver was started successfully.
abr 13, 2022 2:23:17 PM org.openqa.selenium.remote.ProtocolHandshake createSession
INFORMACIÓN: Detected dialect: W3C
[Test worker] WARN net.thucydides.core.steps.BaseStepListener - stepFinished: current outcome:Create a user account:Given than Armando wants to create a user account en Utest.com [Armando open up [Armando opens the Utest page]]
[Test worker] WARN net.thucydides.core.steps.BaseStepListener - stepFinished: current outcome:Create a user account:Given than Armando wants to create a user account en Utest.com [Armando open up [Armando opens the Utest page]]
[Test worker] WARN net.thucydides.core.steps.BaseStepListener - stepStarted: net.thucydides.core.steps.ExecutedStepDescription@41d47f72
[Test worker] WARN net.thucydides.core.steps.BaseStepListener - stepStarted: net.thucydides.core.steps.ExecutedStepDescription@114938a0
[Test worker] WARN net.thucydides.core.steps.BaseStepListener - stepFinished: current outcome:Create a user account:Given than Armando wants to create a user account en Utest.com [Armando open up [Armando opens the Utest page], Armando join [Armando clicks on button that shows us the registration form]]
[Test worker] WARN net.thucydides.core.steps.BaseStepListener - stepFinished: current outcome:Create a user account:Given than Armando wants to create a user account en Utest.com [Armando open up [Armando opens the Utest page], Armando join [Armando clicks on button that shows us the registration form]]
[Test worker] WARN net.thucydides.core.steps.BaseStepListener - stepFinished: current outcome:Create a user account:Given than Armando wants to create a user account en Utest.com [Armando open up [Armando opens the Utest page], Armando join [Armando clicks on button that shows us the registration form]]
[Test worker] WARN net.thucydides.core.steps.BaseStepListener - stepStarted: net.thucydides.core.steps.ExecutedStepDescription@78d539b8
[Test worker] WARN net.thucydides.core.steps.BaseStepListener - stepStarted: net.thucydides.core.steps.ExecutedStepDescription@37926cfa
[Test worker] WARN net.thucydides.core.steps.BaseStepListener - stepStarted: net.thucydides.core.steps.ExecutedStepDescription@4823dc12
[Test worker] WARN net.thucydides.core.steps.BaseStepListener - stepFinished: current outcome:Create a user account:Given than Armando wants to create a user account en Utest.com [Armando open up [Armando opens the Utest page], Armando join [Armando clicks on button that shows us the registration form]], When he looks for the Utest registration form [Armando form [Armando enters 'Armando' into where we write the first name]]
[Test worker] WARN net.thucydides.core.steps.BaseStepListener - stepStarted: net.thucydides.core.steps.ExecutedStepDescription@43a28f5d
[Test worker] WARN net.thucydides.core.steps.BaseStepListener - stepFinished: current outcome:Create a user account:Given than Armando wants to create a user account en Utest.com [Armando open up [Armando opens the Utest page], Armando join [Armando clicks on button that shows us the registration form]], When he looks for the Utest registration form [Armando form [Armando enters 'Armando' into where we write the first name, Armando enters 'Perez' into where we write the last name]]
[Test worker] WARN net.thucydides.core.steps.BaseStepListener - stepStarted: net.thucydides.core.steps.ExecutedStepDescription@51b6f5d7
[Test worker] WARN net.thucydides.core.steps.BaseStepListener - stepFinished: current outcome:Create a user account:Given than Armando wants to create a user account en Utest.com [Armando open up [Armando opens the Utest page], Armando join [Armando clicks on button that shows us the registration form]], When he looks for the Utest registration form [Armando form [Armando enters 'Armando' into where we write the first name, Armando enters 'Perez' into where we write the last name, Armando enters 'Armando@gmail.com' into where we write the email]]
[Test worker] WARN net.thucydides.core.steps.BaseStepListener - stepStarted: net.thucydides.core.steps.ExecutedStepDescription@2b936a38
[Test worker] WARN net.thucydides.core.steps.BaseStepListener - stepFinished: current outcome:Create a user account:Given than Armando wants to create a user account en Utest.com [Armando open up [Armando opens the Utest page], Armando join [Armando clicks on button that shows us the registration form]], When he looks for the Utest registration form [Armando form [Armando enters 'Armando' into where we write the first name, Armando enters 'Perez' into where we write the last name, Armando enters 'Armando@gmail.com' into where we write the email, Armando select June on where we write the birth month]]
[Test worker] WARN net.thucydides.core.steps.BaseStepListener - stepStarted: net.thucydides.core.steps.ExecutedStepDescription@926bcd
[Test worker] WARN net.thucydides.core.steps.BaseStepListener - stepFinished: current outcome:Create a user account:Given than Armando wants to create a user account en Utest.com [Armando open up [Armando opens the Utest page], Armando join [Armando clicks on button that shows us the registration form]], When he looks for the Utest registration form [Armando form [Armando enters 'Armando' into where we write the first name, Armando enters 'Perez' into where we write the last name, Armando enters 'Armando@gmail.com' into where we write the email, Armando select June on where we write the birth month, Armando select 15 on where we write the birth day]]
[Test worker] WARN net.thucydides.core.steps.BaseStepListener - stepStarted: net.thucydides.core.steps.ExecutedStepDescription@452d592a
[Test worker] WARN net.thucydides.core.steps.BaseStepListener - stepFinished: current outcome:Create a user account:Given than Armando wants to create a user account en Utest.com [Armando open up [Armando opens the Utest page], Armando join [Armando clicks on button that shows us the registration form]], When he looks for the Utest registration form [Armando form [Armando enters 'Armando' into where we write the first name, Armando enters 'Perez' into where we write the last name, Armando enters 'Armando@gmail.com' into where we write the email, Armando select June on where we write the birth month, Armando select 15 on where we write the birth day, Armando select 1995 on where we write the birth year]]
[Test worker] WARN net.thucydides.core.steps.BaseStepListener - stepStarted: net.thucydides.core.steps.ExecutedStepDescription@2586735f
[Test worker] WARN net.thucydides.core.steps.BaseStepListener - stepFinished: current outcome:Create a user account:Given than Armando wants to create a user account en Utest.com [Armando open up [Armando opens the Utest page], Armando join [Armando clicks on button that shows us the registration form]], When he looks for the Utest registration form [Armando form [Armando enters 'Armando' into where we write the first name, Armando enters 'Perez' into where we write the last name, Armando enters 'Armando@gmail.com' into where we write the email, Armando select June on where we write the birth month, Armando select 15 on where we write the birth day, Armando select 1995 on where we write the birth year, Armando enters 'Spanish' into where we write the languages]]
[Test worker] WARN net.thucydides.core.steps.BaseStepListener - stepStarted: net.thucydides.core.steps.ExecutedStepDescription@4d2494a
[Test worker] WARN net.thucydides.core.steps.BaseStepListener - stepFinished: current outcome:Create a user account:Given than Armando wants to create a user account en Utest.com [Armando open up [Armando opens the Utest page], Armando join [Armando clicks on button that shows us the registration form]], When he looks for the Utest registration form [Armando form [Armando enters 'Armando' into where we write the first name, Armando enters 'Perez' into where we write the last name, Armando enters 'Armando@gmail.com' into where we write the email, Armando select June on where we write the birth month, Armando select 15 on where we write the birth day, Armando select 1995 on where we write the birth year, Armando enters 'Spanish' into where we write the languages, Armando clicks on Button to Location]]
[Test worker] WARN net.thucydides.core.steps.BaseStepListener - stepStarted: net.thucydides.core.steps.ExecutedStepDescription@418741f4
[Test worker] WARN net.thucydides.core.steps.BaseStepListener - stepFinished: current outcome:Create a user account:Given than Armando wants to create a user account en Utest.com [Armando open up [Armando opens the Utest page], Armando join [Armando clicks on button that shows us the registration form]], When he looks for the Utest registration form [Armando form [Armando enters 'Armando' into where we write the first name, Armando enters 'Perez' into where we write the last name, Armando enters 'Armando@gmail.com' into where we write the email, Armando select June on where we write the birth month, Armando select 15 on where we write the birth day, Armando select 1995 on where we write the birth year, Armando enters 'Spanish' into where we write the languages, Armando clicks on Button to Location, Armando enters 'Sincelejo Sucre, Colombia' into where we write the city]]
[Test worker] WARN net.thucydides.core.steps.BaseStepListener - stepStarted: net.thucydides.core.steps.ExecutedStepDescription@4d5b9b78
[Test worker] WARN net.thucydides.core.steps.BaseStepListener - stepFinished: current outcome:Create a user account:Given than Armando wants to create a user account en Utest.com [Armando open up [Armando opens the Utest page], Armando join [Armando clicks on button that shows us the registration form]], When he looks for the Utest registration form [Armando form [Armando enters 'Armando' into where we write the first name, Armando enters 'Perez' into where we write the last name, Armando enters 'Armando@gmail.com' into where we write the email, Armando select June on where we write the birth month, Armando select 15 on where we write the birth day, Armando select 1995 on where we write the birth year, Armando enters 'Spanish' into where we write the languages, Armando clicks on Button to Location, Armando enters 'Sincelejo Sucre, Colombia' into where we write the city, Armando types 'DOWN' in where we write the city]]
[Test worker] WARN net.thucydides.core.steps.BaseStepListener - stepStarted: net.thucydides.core.steps.ExecutedStepDescription@30a02f8e
[Test worker] WARN net.thucydides.core.steps.BaseStepListener - stepFinished: current outcome:Create a user account:Given than Armando wants to create a user account en Utest.com [Armando open up [Armando opens the Utest page], Armando join [Armando clicks on button that shows us the registration form]], When he looks for the Utest registration form [Armando form [Armando enters 'Armando' into where we write the first name, Armando enters 'Perez' into where we write the last name, Armando enters 'Armando@gmail.com' into where we write the email, Armando select June on where we write the birth month, Armando select 15 on where we write the birth day, Armando select 1995 on where we write the birth year, Armando enters 'Spanish' into where we write the languages, Armando clicks on Button to Location, Armando enters 'Sincelejo Sucre, Colombia' into where we write the city, Armando types 'DOWN' in where we write the city, Armando types 'ENTER' in where we write the city]]
[Test worker] WARN net.thucydides.core.steps.BaseStepListener - stepStarted: net.thucydides.core.steps.ExecutedStepDescription@46feac1
[Test worker] WARN net.thucydides.core.steps.BaseStepListener - stepFinished: current outcome:Create a user account:Given than Armando wants to create a user account en Utest.com [Armando open up [Armando opens the Utest page], Armando join [Armando clicks on button that shows us the registration form]], When he looks for the Utest registration form [Armando form [Armando enters 'Armando' into where we write the first name, Armando enters 'Perez' into where we write the last name, Armando enters 'Armando@gmail.com' into where we write the email, Armando select June on where we write the birth month, Armando select 15 on where we write the birth day, Armando select 1995 on where we write the birth year, Armando enters 'Spanish' into where we write the languages, Armando clicks on Button to Location, Armando enters 'Sincelejo Sucre, Colombia' into where we write the city, Armando types 'DOWN' in where we write the city, Armando types 'ENTER' in where we write the city, Armando enters '700001' into where we write the postal code]]
[Test worker] WARN net.thucydides.core.steps.BaseStepListener - stepStarted: net.thucydides.core.steps.ExecutedStepDescription@7ba8b271
[Test worker] WARN net.thucydides.core.steps.BaseStepListener - stepFinished: current outcome:Create a user account:Given than Armando wants to create a user account en Utest.com [Armando open up [Armando opens the Utest page], Armando join [Armando clicks on button that shows us the registration form]], When he looks for the Utest registration form [Armando form [Armando enters 'Armando' into where we write the first name, Armando enters 'Perez' into where we write the last name, Armando enters 'Armando@gmail.com' into where we write the email, Armando select June on where we write the birth month, Armando select 15 on where we write the birth day, Armando select 1995 on where we write the birth year, Armando enters 'Spanish' into where we write the languages, Armando clicks on Button to Location, Armando enters 'Sincelejo Sucre, Colombia' into where we write the city, Armando types 'DOWN' in where we write the city, Armando types 'ENTER' in where we write the city, Armando enters '700001' into where we write the postal code, Armando clicks on where we write the country]]
[Test worker] WARN net.thucydides.core.steps.BaseStepListener - stepStarted: net.thucydides.core.steps.ExecutedStepDescription@5f0205cf
[Test worker] WARN net.thucydides.core.steps.BaseStepListener - stepFinished: current outcome:Create a user account:Given than Armando wants to create a user account en Utest.com [Armando open up [Armando opens the Utest page], Armando join [Armando clicks on button that shows us the registration form]], When he looks for the Utest registration form [Armando form [Armando enters 'Armando' into where we write the first name, Armando enters 'Perez' into where we write the last name, Armando enters 'Armando@gmail.com' into where we write the email, Armando select June on where we write the birth month, Armando select 15 on where we write the birth day, Armando select 1995 on where we write the birth year, Armando enters 'Spanish' into where we write the languages, Armando clicks on Button to Location, Armando enters 'Sincelejo Sucre, Colombia' into where we write the city, Armando types 'DOWN' in where we write the city, Armando types 'ENTER' in where we write the city, Armando enters '700001' into where we write the postal code, Armando clicks on where we write the country, Armando clicks on where we write the country]]
[Test worker] WARN net.thucydides.core.steps.BaseStepListener - stepStarted: net.thucydides.core.steps.ExecutedStepDescription@4d63ac69
[Test worker] WARN net.thucydides.core.steps.BaseStepListener - stepFinished: current outcome:Create a user account:Given than Armando wants to create a user account en Utest.com [Armando open up [Armando opens the Utest page], Armando join [Armando clicks on button that shows us the registration form]], When he looks for the Utest registration form [Armando form [Armando enters 'Armando' into where we write the first name, Armando enters 'Perez' into where we write the last name, Armando enters 'Armando@gmail.com' into where we write the email, Armando select June on where we write the birth month, Armando select 15 on where we write the birth day, Armando select 1995 on where we write the birth year, Armando enters 'Spanish' into where we write the languages, Armando clicks on Button to Location, Armando enters 'Sincelejo Sucre, Colombia' into where we write the city, Armando types 'DOWN' in where we write the city, Armando types 'ENTER' in where we write the city, Armando enters '700001' into where we write the postal code, Armando clicks on where we write the country, Armando clicks on where we write the country, Armando enters 'Utest.com/signup/complete1' into where we write the password]]
[Test worker] WARN net.thucydides.core.steps.BaseStepListener - stepStarted: net.thucydides.core.steps.ExecutedStepDescription@1debc524
[Test worker] WARN net.thucydides.core.steps.BaseStepListener - stepFinished: current outcome:Create a user account:Given than Armando wants to create a user account en Utest.com [Armando open up [Armando opens the Utest page], Armando join [Armando clicks on button that shows us the registration form]], When he looks for the Utest registration form [Armando form [Armando enters 'Armando' into where we write the first name, Armando enters 'Perez' into where we write the last name, Armando enters 'Armando@gmail.com' into where we write the email, Armando select June on where we write the birth month, Armando select 15 on where we write the birth day, Armando select 1995 on where we write the birth year, Armando enters 'Spanish' into where we write the languages, Armando clicks on Button to Location, Armando enters 'Sincelejo Sucre, Colombia' into where we write the city, Armando types 'DOWN' in where we write the city, Armando types 'ENTER' in where we write the city, Armando enters '700001' into where we write the postal code, Armando clicks on where we write the country, Armando clicks on where we write the country, Armando enters 'Utest.com/signup/complete1' into where we write the password, Armando enters 'Utest.com/signup/complete1' into where we write the confirmPassword]]
[Test worker] WARN net.thucydides.core.steps.BaseStepListener - stepStarted: net.thucydides.core.steps.ExecutedStepDescription@6c567ddc
[Test worker] WARN net.thucydides.core.steps.BaseStepListener - stepFinished: current outcome:Create a user account:Given than Armando wants to create a user account en Utest.com [Armando open up [Armando opens the Utest page], Armando join [Armando clicks on button that shows us the registration form]], When he looks for the Utest registration form [Armando form [Armando enters 'Armando' into where we write the first name, Armando enters 'Perez' into where we write the last name, Armando enters 'Armando@gmail.com' into where we write the email, Armando select June on where we write the birth month, Armando select 15 on where we write the birth day, Armando select 1995 on where we write the birth year, Armando enters 'Spanish' into where we write the languages, Armando clicks on Button to Location, Armando enters 'Sincelejo Sucre, Colombia' into where we write the city, Armando types 'DOWN' in where we write the city, Armando types 'ENTER' in where we write the city, Armando enters '700001' into where we write the postal code, Armando clicks on where we write the country, Armando clicks on where we write the country, Armando enters 'Utest.com/signup/complete1' into where we write the password, Armando enters 'Utest.com/signup/complete1' into where we write the confirmPassword, Armando clicks on check confirm]]
[Test worker] WARN net.thucydides.core.steps.BaseStepListener - stepStarted: net.thucydides.core.steps.ExecutedStepDescription@5162ed0c
[Test worker] WARN net.thucydides.core.steps.BaseStepListener - stepFinished: current outcome:Create a user account:Given than Armando wants to create a user account en Utest.com [Armando open up [Armando opens the Utest page], Armando join [Armando clicks on button that shows us the registration form]], When he looks for the Utest registration form [Armando form [Armando enters 'Armando' into where we write the first name, Armando enters 'Perez' into where we write the last name, Armando enters 'Armando@gmail.com' into where we write the email, Armando select June on where we write the birth month, Armando select 15 on where we write the birth day, Armando select 1995 on where we write the birth year, Armando enters 'Spanish' into where we write the languages, Armando clicks on Button to Location, Armando enters 'Sincelejo Sucre, Colombia' into where we write the city, Armando types 'DOWN' in where we write the city, Armando types 'ENTER' in where we write the city, Armando enters '700001' into where we write the postal code, Armando clicks on where we write the country, Armando clicks on where we write the country, Armando enters 'Utest.com/signup/complete1' into where we write the password, Armando enters 'Utest.com/signup/complete1' into where we write the confirmPassword, Armando clicks on check confirm, Armando clicks on heck confirm]]
[Test worker] WARN net.thucydides.core.steps.BaseStepListener - stepStarted: net.thucydides.core.steps.ExecutedStepDescription@3f7589d2
[Test worker] WARN net.thucydides.core.steps.BaseStepListener - stepFinished: current outcome:Create a user account:Given than Armando wants to create a user account en Utest.com [Armando open up [Armando opens the Utest page], Armando join [Armando clicks on button that shows us the registration form]], When he looks for the Utest registration form [Armando form [Armando enters 'Armando' into where we write the first name, Armando enters 'Perez' into where we write the last name, Armando enters 'Armando@gmail.com' into where we write the email, Armando select June on where we write the birth month, Armando select 15 on where we write the birth day, Armando select 1995 on where we write the birth year, Armando enters 'Spanish' into where we write the languages, Armando clicks on Button to Location, Armando enters 'Sincelejo Sucre, Colombia' into where we write the city, Armando types 'DOWN' in where we write the city, Armando types 'ENTER' in where we write the city, Armando enters '700001' into where we write the postal code, Armando clicks on where we write the country, Armando clicks on where we write the country, Armando enters 'Utest.com/signup/complete1' into where we write the password, Armando enters 'Utest.com/signup/complete1' into where we write the confirmPassword, Armando clicks on check confirm, Armando clicks on heck confirm, Armando clicks on Buton confirm]]
[Test worker] WARN net.thucydides.core.steps.BaseStepListener - stepFinished: current outcome:Create a user account:Given than Armando wants to create a user account en Utest.com [Armando open up [Armando opens the Utest page], Armando join [Armando clicks on button that shows us the registration form]], When he looks for the Utest registration form [Armando form [Armando enters 'Armando' into where we write the first name, Armando enters 'Perez' into where we write the last name, Armando enters 'Armando@gmail.com' into where we write the email, Armando select June on where we write the birth month, Armando select 15 on where we write the birth day, Armando select 1995 on where we write the birth year, Armando enters 'Spanish' into where we write the languages, Armando clicks on Button to Location, Armando enters 'Sincelejo Sucre, Colombia' into where we write the city, Armando types 'DOWN' in where we write the city, Armando types 'ENTER' in where we write the city, Armando enters '700001' into where we write the postal code, Armando clicks on where we write the country, Armando clicks on where we write the country, Armando enters 'Utest.com/signup/complete1' into where we write the password, Armando enters 'Utest.com/signup/complete1' into where we write the confirmPassword, Armando clicks on check confirm, Armando clicks on heck confirm, Armando clicks on Buton confirm]]
[Test worker] WARN net.thucydides.core.steps.BaseStepListener - stepFinished: current outcome:Create a user account:Given than Armando wants to create a user account en Utest.com [Armando open up [Armando opens the Utest page], Armando join [Armando clicks on button that shows us the registration form]], When he looks for the Utest registration form [Armando form [Armando enters 'Armando' into where we write the first name, Armando enters 'Perez' into where we write the last name, Armando enters 'Armando@gmail.com' into where we write the email, Armando select June on where we write the birth month, Armando select 15 on where we write the birth day, Armando select 1995 on where we write the birth year, Armando enters 'Spanish' into where we write the languages, Armando clicks on Button to Location, Armando enters 'Sincelejo Sucre, Colombia' into where we write the city, Armando types 'DOWN' in where we write the city, Armando types 'ENTER' in where we write the city, Armando enters '700001' into where we write the postal code, Armando clicks on where we write the country, Armando clicks on where we write the country, Armando enters 'Utest.com/signup/complete1' into where we write the password, Armando enters 'Utest.com/signup/complete1' into where we write the confirmPassword, Armando clicks on check confirm, Armando clicks on heck confirm, Armando clicks on Buton confirm]]
[Test worker] WARN net.thucydides.core.steps.BaseStepListener - stepStarted: net.thucydides.core.steps.ExecutedStepDescription@6f071535
[Test worker] WARN net.thucydides.core.steps.BaseStepListener - stepFinished: current outcome:Create a user account:Given than Armando wants to create a user account en Utest.com [Armando open up [Armando opens the Utest page], Armando join [Armando clicks on button that shows us the registration form]], When he looks for the Utest registration form [Armando form [Armando enters 'Armando' into where we write the first name, Armando enters 'Perez' into where we write the last name, Armando enters 'Armando@gmail.com' into where we write the email, Armando select June on where we write the birth month, Armando select 15 on where we write the birth day, Armando select 1995 on where we write the birth year, Armando enters 'Spanish' into where we write the languages, Armando clicks on Button to Location, Armando enters 'Sincelejo Sucre, Colombia' into where we write the city, Armando types 'DOWN' in where we write the city, Armando types 'ENTER' in where we write the city, Armando enters '700001' into where we write the postal code, Armando clicks on where we write the country, Armando clicks on where we write the country, Armando enters 'Utest.com/signup/complete1' into where we write the password, Armando enters 'Utest.com/signup/complete1' into where we write the confirmPassword, Armando clicks on check confirm, Armando clicks on heck confirm, Armando clicks on Buton confirm]], Then he creates the user account in Utest
[Test worker] WARN net.thucydides.core.steps.BaseStepListener - testFinished: Create a user account:Given than Armando wants to create a user account en Utest.com [Armando open up [Armando opens the Utest page], Armando join [Armando clicks on button that shows us the registration form]], When he looks for the Utest registration form [Armando form [Armando enters 'Armando' into where we write the first name, Armando enters 'Perez' into where we write the last name, Armando enters 'Armando@gmail.com' into where we write the email, Armando select June on where we write the birth month, Armando select 15 on where we write the birth day, Armando select 1995 on where we write the birth year, Armando enters 'Spanish' into where we write the languages, Armando clicks on Button to Location, Armando enters 'Sincelejo Sucre, Colombia' into where we write the city, Armando types 'DOWN' in where we write the city, Armando types 'ENTER' in where we write the city, Armando enters '700001' into where we write the postal code, Armando clicks on where we write the country, Armando clicks on where we write the country, Armando enters 'Utest.com/signup/complete1' into where we write the password, Armando enters 'Utest.com/signup/complete1' into where we write the confirmPassword, Armando clicks on check confirm, Armando clicks on heck confirm, Armando clicks on Buton confirm]], Then he creates the user account in Utest
[Test worker] WARN net.thucydides.core.steps.BaseStepListener - TestOutcomes: [Create a user account:Given than Armando wants to create a user account en Utest.com [Armando open up [Armando opens the Utest page], Armando join [Armando clicks on button that shows us the registration form]], When he looks for the Utest registration form [Armando form [Armando enters 'Armando' into where we write the first name, Armando enters 'Perez' into where we write the last name, Armando enters 'Armando@gmail.com' into where we write the email, Armando select June on where we write the birth month, Armando select 15 on where we write the birth day, Armando select 1995 on where we write the birth year, Armando enters 'Spanish' into where we write the languages, Armando clicks on Button to Location, Armando enters 'Sincelejo Sucre, Colombia' into where we write the city, Armando types 'DOWN' in where we write the city, Armando types 'ENTER' in where we write the city, Armando enters '700001' into where we write the postal code, Armando clicks on where we write the country, Armando clicks on where we write the country, Armando enters 'Utest.com/signup/complete1' into where we write the password, Armando enters 'Utest.com/signup/complete1' into where we write the confirmPassword, Armando clicks on check confirm, Armando clicks on heck confirm, Armando clicks on Buton confirm]], Then he creates the user account in Utest]
[Test worker] WARN net.thucydides.core.steps.BaseStepListener - Final testOutcomes: [Create a user account:Given than Armando wants to create a user account en Utest.com [Armando open up [Armando opens the Utest page], Armando join [Armando clicks on button that shows us the registration form]], When he looks for the Utest registration form [Armando form [Armando enters 'Armando' into where we write the first name, Armando enters 'Perez' into where we write the last name, Armando enters 'Armando@gmail.com' into where we write the email, Armando select June on where we write the birth month, Armando select 15 on where we write the birth day, Armando select 1995 on where we write the birth year, Armando enters 'Spanish' into where we write the languages, Armando clicks on Button to Location, Armando enters 'Sincelejo Sucre, Colombia' into where we write the city, Armando types 'DOWN' in where we write the city, Armando types 'ENTER' in where we write the city, Armando enters '700001' into where we write the postal code, Armando clicks on where we write the country, Armando clicks on where we write the country, Armando enters 'Utest.com/signup/complete1' into where we write the password, Armando enters 'Utest.com/signup/complete1' into where we write the confirmPassword, Armando clicks on check confirm, Armando clicks on heck confirm, Armando clicks on Buton confirm]], Then he creates the user account in Utest]
[Test worker] INFO net.thucydides.core.steps.ConsoleLoggingListener - 
        __    _____ _____ ____ _____   ____   _    ____  ____  _____ ____  
  _     \ \  |_   _| ____/ ___|_   _| |  _ \ / \  / ___|/ ___|| ____|  _ \ 
 (_)_____| |   | | |  _| \___ \ | |   | |_) / _ \ \___ \\___ \|  _| | | | |
  _|_____| |   | | | |___ ___) || |   |  __/ ___ \ ___) |___) | |___| |_| |
 (_)     | |   |_| |_____|____/ |_|   |_| /_/   \_\____/|____/|_____|____/ 
        /_/                                                                

TEST PASSED: Create a user account
----------------------------------------------------------------------------
]]></system-err>
</testsuite>
